{"level":"info","message":"hello world","service":"user-service"}
{"level":"info","message":"saijdeep","service":"user-service"}
{"level":"info","message":"GET /profile/saijdeep 304 - - 5.412 ms","service":"user-service"}
{"level":"info","message":"hello world","service":"user-service"}
{"level":"info","message":"saijdeep","service":"user-service"}
{"level":"info","message":"saijdeep","service":"user-service"}
{"level":"info","message":"saijdeep","service":"user-service"}
{"level":"info","message":"saijdeep","service":"user-service"}
{"level":"info","message":"saijdeep","service":"user-service"}
{"level":"info","message":"saijdeep","service":"user-service"}
{"level":"info","message":"saijdeep","service":"user-service"}
{"level":"info","message":"saijdeep","service":"user-service"}
{"level":"info","message":"hello world","service":"user-service"}
{"level":"info","message":"saijdeep","service":"user-service"}
{"level":"info","message":"GET /profile/saijdeep 304 - - 6.499 ms","service":"user-service"}
{"level":"info","message":"saijdeep","service":"user-service"}
{"level":"info","message":"GET /profile/saijdeep 304 - - 0.749 ms","service":"user-service"}
{"level":"info","message":"saijdeep","service":"user-service"}
{"level":"info","message":"GET /profile/saijdeep 304 - - 1.122 ms","service":"user-service"}
{"level":"info","message":"saijdeep","service":"user-service"}
{"level":"info","message":"GET /profile/saijdeep 304 - - 0.423 ms","service":"user-service"}
{"level":"info","message":"saijdeep","service":"user-service"}
{"level":"info","message":"GET /profile/saijdeep 304 - - 0.400 ms","service":"user-service"}
{"level":"info","message":"saijdeep","service":"user-service"}
{"level":"info","message":"GET /profile/saijdeep 304 - - 0.602 ms","service":"user-service"}
{"level":"info","message":"hello world","service":"user-service"}
{"level":"info","message":"saijdeep","service":"user-service"}
{"level":"info","message":"GET /profile/saijdeep 304 - - 7.392 ms","service":"user-service"}
{"level":"info","message":"GET /profile/saijdeep 500 1359 - 2.028 ms","service":"user-service"}
{"level":"info","message":"hello world","service":"user-service"}
{"level":"error","service":"user-service"}
{"level":"info","message":"GET /profile/saijdeep 200 42 - 5.126 ms","service":"user-service"}
{"level":"error","service":"user-service"}
{"level":"info","message":"GET /profile/saijdeep 304 - - 3.562 ms","service":"user-service"}
{"level":"error","service":"user-service"}
{"level":"info","message":"GET /profile/saijdeep 304 - - 1.227 ms","service":"user-service"}
{"level":"info","message":"saijdeep","service":"user-service"}
{"level":"info","message":"GET /profile/saijdeep 200 27 - 1.132 ms","service":"user-service"}
{"level":"error","service":"user-service"}
{"level":"info","message":"GET /profile/saijdeep 200 42 - 1.848 ms","service":"user-service"}
{"level":"info","message":"saijdeep","service":"user-service"}
{"level":"info","message":"GET /profile/saijdeep 200 27 - 0.508 ms","service":"user-service"}
{"level":"info","message":"saijdeep","service":"user-service"}
{"level":"info","message":"GET /profile/saijdeep 304 - - 0.378 ms","service":"user-service"}
{"level":"info","message":"saijdeep","service":"user-service"}
{"level":"info","message":"GET /profile/saijdeep 304 - - 0.421 ms","service":"user-service"}
{"level":"error","service":"user-service"}
{"level":"info","message":"GET /profile/saijdeep 200 42 - 0.533 ms","service":"user-service"}
{"level":"error","service":"user-service"}
{"level":"info","message":"GET /profile/saijdeep 304 - - 0.652 ms","service":"user-service"}
{"level":"info","message":"saijdeep","service":"user-service"}
{"level":"info","message":"GET /profile/saijdeep 200 27 - 0.411 ms","service":"user-service"}
{"level":"error","service":"user-service"}
{"level":"info","message":"GET /profile/saijdeep 200 42 - 0.499 ms","service":"user-service"}
